[32m  INFO[0m: Launching config: "/home/matercan/.local/share/hoshimi/dotfiles/.config/quickshell/shell.qml"
[32m  INFO[0m: Shell ID: "34e720fb151c256121b2c43d6388d169" Path ID "34e720fb151c256121b2c43d6388d169"
[32m  INFO[0m: Saving logs to "/run/user/1000/quickshell/by-id/205502y72t/log.qslog"
[33m  WARN[0m: QFont::fromString: Invalid description '(empty)'
[32m  INFO[0m: QML tooling support enabled
[33m  WARN[97m scene[0m: QML QQuickImage at @bar/widgets/BatteryWidget.qml[21:9]: Cannot open: file:///usr/share/icons/candy-icons/status/scalable/battery-00-charging-symbolic.svg
[33m  WARN[97m scene[0m: QML QQuickImage at @bar/widgets/BatteryWidget.qml[21:9]: Cannot open: file:///usr/share/icons/candy-icons/status/scalable/battery-00-charging-symbolic.svg
[33m  WARN[97m scene[0m: @bar/WorkspaceWidget.qml[42:-1]: TypeError: Cannot read property 'id' of undefined
[33m  WARN[97m scene[0m: @bar/WorkspaceWidget.qml[21:-1]: TypeError: Cannot call method 'find' of undefined
[33m  WARN[97m scene[0m: @bar/WorkspaceWidget.qml[42:-1]: TypeError: Cannot read property 'id' of undefined
[33m  WARN[97m scene[0m: @bar/WorkspaceWidget.qml[21:-1]: TypeError: Cannot call method 'find' of undefined
[33m  WARN[97m scene[0m: QML IpcHandler at @notifications/Notifications.qml[37:5]: Handler was registered but will not be used because another handler is registered for target notifs
[32m  INFO[0m: Configuration Loaded
[33m  WARN[97m qt.qml.context[0m: qs:@/qs/bar/Cava.qml:26:13 Parameter "data" is not declared. Injection of parameters into signal handlers is deprecated. Use JavaScript functions with formal parameters instead.
[33m  WARN[97m quickshell.dbus.properties[0m: Error updating property :1.10262/StatusNotifierItem/org.kde.StatusNotifierItem:IconName
[33m  WARN[97m quickshell.dbus.properties[0m: QDBusError("org.freedesktop.DBus.Error.Failed", "error occurred in Get")
[33m  WARN[97m quickshell.dbus.properties[0m: Error updating property :1.10262/StatusNotifierItem/org.kde.StatusNotifierItem:IconName
[33m  WARN[97m quickshell.dbus.properties[0m: QDBusError("org.freedesktop.DBus.Error.Failed", "error occurred in Get")
[33m  WARN[97m quickshell.dbus.properties[0m: Error updating property :1.10262/StatusNotifierItem/org.kde.StatusNotifierItem:IconName
[33m  WARN[97m quickshell.dbus.properties[0m: QDBusError("org.freedesktop.DBus.Error.Failed", "error occurred in Get")
[33m  WARN[97m quickshell.dbus.properties[0m: Error updating property :1.10262/StatusNotifierItem/org.kde.StatusNotifierItem:IconName
[33m  WARN[97m quickshell.dbus.properties[0m: QDBusError("org.freedesktop.DBus.Error.Failed", "error occurred in Get")
[34m DEBUG[97m qml[0m: -1
[34m DEBUG[97m qml[0m: -1
[34m DEBUG[97m qml[0m: -1
[34m DEBUG[97m qml[0m: -1
[33m  WARN[97m quickshell.dbus.properties[0m: Error updating property :1.10262/StatusNotifierItem/org.kde.StatusNotifierItem:IconName
[33m  WARN[97m quickshell.dbus.properties[0m: QDBusError("org.freedesktop.DBus.Error.Failed", "error occurred in Get")
[33m  WARN[97m quickshell.dbus.properties[0m: Error updating property :1.10262/StatusNotifierItem/org.kde.StatusNotifierItem:IconName
[33m  WARN[97m quickshell.dbus.properties[0m: QDBusError("org.freedesktop.DBus.Error.Failed", "error occurred in Get")
[33m  WARN[97m quickshell.dbus.properties[0m: Error updating property :1.10262/StatusNotifierItem/org.kde.StatusNotifierItem:IconName
[33m  WARN[97m quickshell.dbus.properties[0m: QDBusError("org.freedesktop.DBus.Error.Failed", "error occurred in Get")
[33m  WARN[97m quickshell.dbus.properties[0m: Error updating property :1.10262/StatusNotifierItem/org.kde.StatusNotifierItem:IconName
[33m  WARN[97m quickshell.dbus.properties[0m: QDBusError("org.freedesktop.DBus.Error.Failed", "error occurred in Get")
[33m  WARN[97m quickshell.dbus.properties[0m: Error updating property :1.10262/StatusNotifierItem/org.kde.StatusNotifierItem:IconName
[33m  WARN[97m quickshell.dbus.properties[0m: QDBusError("org.freedesktop.DBus.Error.Failed", "error occurred in Get")
[33m  WARN[97m quickshell.dbus.properties[0m: Error updating property :1.10262/StatusNotifierItem/org.kde.StatusNotifierItem:IconName
[33m  WARN[97m quickshell.dbus.properties[0m: QDBusError("org.freedesktop.DBus.Error.Failed", "error occurred in Get")
[33m  WARN[97m quickshell.dbus.properties[0m: Error updating property :1.10262/StatusNotifierItem/org.kde.StatusNotifierItem:IconName
[33m  WARN[97m quickshell.dbus.properties[0m: QDBusError("org.freedesktop.DBus.Error.Failed", "error occurred in Get")
[33m  WARN[97m quickshell.dbus.properties[0m: Error updating property :1.10262/StatusNotifierItem/org.kde.StatusNotifierItem:IconName
[33m  WARN[97m quickshell.dbus.properties[0m: QDBusError("org.freedesktop.DBus.Error.Failed", "error occurred in Get")
[33m  WARN[97m quickshell.dbus.properties[0m: Error updating property :1.10262/StatusNotifierItem/org.kde.StatusNotifierItem:IconName
[33m  WARN[97m quickshell.dbus.properties[0m: QDBusError("org.freedesktop.DBus.Error.Failed", "error occurred in Get")
[34m DEBUG[97m qml[0m: 5000
[34m DEBUG[97m qml[0m: 5000
[33m  WARN[97m quickshell.dbus.properties[0m: Error updating property :1.10262/StatusNotifierItem/org.kde.StatusNotifierItem:IconName
[33m  WARN[97m quickshell.dbus.properties[0m: QDBusError("org.freedesktop.DBus.Error.Failed", "error occurred in Get")
[34m DEBUG[97m qml[0m: 5000
[34m DEBUG[97m qml[0m: 5000
[33m  WARN[97m quickshell.dbus.properties[0m: Error updating property :1.10262/StatusNotifierItem/org.kde.StatusNotifierItem:IconName
[33m  WARN[97m quickshell.dbus.properties[0m: QDBusError("org.freedesktop.DBus.Error.Failed", "error occurred in Get")
[34m DEBUG[97m qml[0m: 5000
[34m DEBUG[97m qml[0m: 5000
[33m  WARN[97m quickshell.dbus.properties[0m: Error updating property :1.10262/StatusNotifierItem/org.kde.StatusNotifierItem:IconName
[33m  WARN[97m quickshell.dbus.properties[0m: QDBusError("org.freedesktop.DBus.Error.Failed", "error occurred in Get")
[33m  WARN[97m quickshell.dbus.properties[0m: Error updating property :1.10262/StatusNotifierItem/org.kde.StatusNotifierItem:IconName
[33m  WARN[97m quickshell.dbus.properties[0m: QDBusError("org.freedesktop.DBus.Error.Failed", "error occurred in Get")
[34m DEBUG[97m qml[0m: 5000
[34m DEBUG[97m qml[0m: 5000
[34m DEBUG[97m qml[0m: 5000
[34m DEBUG[97m qml[0m: 5000
[33m  WARN[97m quickshell.dbus.properties[0m: Error updating property :1.10262/StatusNotifierItem/org.kde.StatusNotifierItem:IconName
[33m  WARN[97m quickshell.dbus.properties[0m: QDBusError("org.freedesktop.DBus.Error.Failed", "error occurred in Get")
[34m DEBUG[97m qml[0m: -1
[34m DEBUG[97m qml[0m: -1
[34m DEBUG[97m qml[0m: -1
[34m DEBUG[97m qml[0m: -1
[33m  WARN[97m quickshell.dbus.properties[0m: Error updating property :1.10262/StatusNotifierItem/org.kde.StatusNotifierItem:IconName
[33m  WARN[97m quickshell.dbus.properties[0m: QDBusError("org.freedesktop.DBus.Error.Failed", "error occurred in Get")
[33m  WARN[97m quickshell.dbus.properties[0m: Error updating property :1.10262/StatusNotifierItem/org.kde.StatusNotifierItem:IconName
[33m  WARN[97m quickshell.dbus.properties[0m: QDBusError("org.freedesktop.DBus.Error.Failed", "error occurred in Get")
[34m DEBUG[97m qml[0m: -1
[34m DEBUG[97m qml[0m: -1
[34m DEBUG[97m qml[0m: -1
[34m DEBUG[97m qml[0m: -1
[33m  WARN[97m quickshell.dbus.properties[0m: Error updating property :1.10262/StatusNotifierItem/org.kde.StatusNotifierItem:IconName
[33m  WARN[97m quickshell.dbus.properties[0m: QDBusError("org.freedesktop.DBus.Error.Failed", "error occurred in Get")
[34m DEBUG[97m qml[0m: 5000
[34m DEBUG[97m qml[0m: 5000
[33m  WARN[97m quickshell.dbus.properties[0m: Error updating property :1.10262/StatusNotifierItem/org.kde.StatusNotifierItem:IconName
[33m  WARN[97m quickshell.dbus.properties[0m: QDBusError("org.freedesktop.DBus.Error.Failed", "error occurred in Get")
[33m  WARN[97m quickshell.dbus.properties[0m: Error updating property :1.10262/StatusNotifierItem/org.kde.StatusNotifierItem:IconName
[33m  WARN[97m quickshell.dbus.properties[0m: QDBusError("org.freedesktop.DBus.Error.Failed", "error occurred in Get")
[34m DEBUG[97m qml[0m: -1
[34m DEBUG[97m qml[0m: -1
[33m  WARN[97m quickshell.dbus.properties[0m: Error updating property :1.10262/StatusNotifierItem/org.kde.StatusNotifierItem:IconName
[33m  WARN[97m quickshell.dbus.properties[0m: QDBusError("org.freedesktop.DBus.Error.Failed", "error occurred in Get")
[34m DEBUG[97m qml[0m: VAR SHOW CHANGEGD: true
[34m DEBUG[97m qml[0m: PLAYING ANIMATIOn
[34m DEBUG[97m qml[0m: LEFT
[33m  WARN[97m scene[0m: QML SequentialAnimation at @generics/PopupBox.qml[37:5]: Binding loop detected for property "running":
qs:@/qs/generics/PopupBox.qml:39:9
[34m DEBUG[97m qml[0m: VAR SHOW CHANGEGD: false
[34m DEBUG[97m qml[0m: PLAYING ANIMATIOn
[34m DEBUG[97m qml[0m: Is the mouse in it? false
[33m  WARN[97m quickshell.dbus.properties[0m: Error updating property :1.10262/StatusNotifierItem/org.kde.StatusNotifierItem:IconName
[33m  WARN[97m quickshell.dbus.properties[0m: QDBusError("org.freedesktop.DBus.Error.Failed", "error occurred in Get")
[33m  WARN[97m quickshell.dbus.properties[0m: Error updating property :1.10262/StatusNotifierItem/org.kde.StatusNotifierItem:IconName
[33m  WARN[97m quickshell.dbus.properties[0m: QDBusError("org.freedesktop.DBus.Error.Failed", "error occurred in Get")
[33m  WARN[97m quickshell.dbus.properties[0m: Error updating property :1.10262/StatusNotifierItem/org.kde.StatusNotifierItem:IconName
[33m  WARN[97m quickshell.dbus.properties[0m: QDBusError("org.freedesktop.DBus.Error.Failed", "error occurred in Get")
[33m  WARN[97m quickshell.dbus.properties[0m: Error updating property :1.10262/StatusNotifierItem/org.kde.StatusNotifierItem:IconName
[33m  WARN[97m quickshell.dbus.properties[0m: QDBusError("org.freedesktop.DBus.Error.Failed", "error occurred in Get")
