[32m  INFO[0m: Launching config: "/home/matercan/.config/quickshell/shell.qml"
[32m  INFO[0m: Shell ID: "83044db34d2f218aba0943ecf082ebf0" Path ID "83044db34d2f218aba0943ecf082ebf0"
[32m  INFO[0m: Saving logs to "/run/user/1000/quickshell/by-id/5aug1541f1t/log.qslog"
[33m  WARN[0m: QFont::fromString: Invalid description '(empty)'
[32m  INFO[0m: QML tooling support enabled
[33m  WARN[97m scene[0m: QML FontLoader at @generics/Wallpaper.qml[29:9]: Cannot load font: "file:///home/matercan.fonts/mrk_maston/MRKMaston-Bold.ttf"
[33m  WARN[97m scene[0m: QML FontLoader at @generics/Wallpaper.qml[24:9]: Cannot load font: "file:///home/matercan.fonts/mrk_maston/MRKMaston-Regular.ttf"
[33m  WARN[97m scene[0m: QML FontLoader at @generics/Wallpaper.qml[29:9]: Cannot load font: "file:///home/matercan.fonts/mrk_maston/MRKMaston-Bold.ttf"
[33m  WARN[97m scene[0m: QML FontLoader at @generics/Wallpaper.qml[24:9]: Cannot load font: "file:///home/matercan.fonts/mrk_maston/MRKMaston-Regular.ttf"
[32m  INFO[0m: Configuration Loaded
[34m DEBUG[97m qml[0m: LOCKED
[33m  WARN[97m scene[0m: QML FontLoader at @generics/Wallpaper.qml[29:9]: Cannot load font: "file:///home/matercan.fonts/mrk_maston/MRKMaston-Bold.ttf"
[33m  WARN[97m scene[0m: QML FontLoader at @generics/Wallpaper.qml[24:9]: Cannot load font: "file:///home/matercan.fonts/mrk_maston/MRKMaston-Regular.ttf"
[33m  WARN[97m scene[0m: QML FontLoader at @generics/Wallpaper.qml[29:9]: Cannot load font: "file:///home/matercan.fonts/mrk_maston/MRKMaston-Bold.ttf"
[33m  WARN[97m scene[0m: QML FontLoader at @generics/Wallpaper.qml[24:9]: Cannot load font: "file:///home/matercan.fonts/mrk_maston/MRKMaston-Regular.ttf"
[34m DEBUG[97m qml[0m: LOCKED
[34m DEBUG[97m qml[0m: LOCKED
[34m DEBUG[97m qml[0m: LOCKED
[34m DEBUG[97m qml[0m: LOCKED
[34m DEBUG[97m qml[0m: C
[34m DEBUG[97m qml[0m: 
[34m DEBUG[97m qml[0m: C
[34m DEBUG[97m qml[0m: 
[34m DEBUG[97m qml[0m: LOCKED
[34m DEBUG[97m qml[0m: C0
[34m DEBUG[97m qml[0m: 
[34m DEBUG[97m qml[0m: C0
[34m DEBUG[97m qml[0m: 
[34m DEBUG[97m qml[0m: LOCKED
[34m DEBUG[97m qml[0m: LOCKED
[34m DEBUG[97m qml[0m: C0m
[34m DEBUG[97m qml[0m: m
[34m DEBUG[97m qml[0m: C0m
[34m DEBUG[97m qml[0m: a
[34m DEBUG[97m qml[0m: LOCKED
[34m DEBUG[97m qml[0m: C0mp
[34m DEBUG[97m qml[0m: au
[34m DEBUG[97m qml[0m: C0mp
[34m DEBUG[97m qml[0m: am
[34m DEBUG[97m qml[0m: LOCKED
[34m DEBUG[97m qml[0m: LOCKED
[34m DEBUG[97m qml[0m: LOCKED
[34m DEBUG[97m qml[0m: LOCKED
[34m DEBUG[97m qml[0m: C0mpL
[34m DEBUG[97m qml[0m: sai
[34m DEBUG[97m qml[0m: C0mpL
[34m DEBUG[97m qml[0m: sas
[34m DEBUG[97m qml[0m: LOCKED
[34m DEBUG[97m qml[0m: LOCKED
[34m DEBUG[97m qml[0m: LOCKED
[34m DEBUG[97m qml[0m: C0mpLu
[34m DEBUG[97m qml[0m: mmmr
[34m DEBUG[97m qml[0m: C0mpLu
[34m DEBUG[97m qml[0m: maam
[34m DEBUG[97m qml[0m: LOCKED
[34m DEBUG[97m qml[0m: C0mpLuv
[34m DEBUG[97m qml[0m: aiauu
[34m DEBUG[97m qml[0m: C0mpLuv
[34m DEBUG[97m qml[0m: armsi
[34m DEBUG[97m qml[0m: LOCKED
[34m DEBUG[97m qml[0m: LOCKED
quickshell.service.pam.subprocess: Waiting for parent confirmation...
quickshell.service.pam.subprocess: Starting pam session for user "matercan" with config "password.conf" in dir "/home/matercan/.config/quickshell/lockscreen/pam"
quickshell.service.pam.subprocess: Relaying pam message: "Password: " echo: 0 error: 0 responseRequired: 1
quickshell.service.pam.subprocess: Got response for request.quickshell.service.pam.subprocess: Authenticated successfully.
[34m DEBUG[97m qml[0m: LOCKED
[34m DEBUG[97m qml[0m: LOCKED
[34m DEBUG[97m qml[0m: LOCKED
[34m DEBUG[97m qml[0m: LOCKED
[34m DEBUG[97m qml[0m: LOCKED
[34m DEBUG[97m qml[0m: LOCKED
[34m DEBUG[97m qml[0m: LOCKED
[34m DEBUG[97m qml[0m: LOCKED
[34m DEBUG[97m qml[0m: Screen unlocked
[34m DEBUG[97m qml[0m: LOCKED
[33m  WARN[97m scene[0m: QML FontLoader at @generics/Wallpaper.qml[29:9]: Cannot load font: "file:///home/matercan.fonts/mrk_maston/MRKMaston-Bold.ttf"
[33m  WARN[97m scene[0m: QML FontLoader at @generics/Wallpaper.qml[24:9]: Cannot load font: "file:///home/matercan.fonts/mrk_maston/MRKMaston-Regular.ttf"
[33m  WARN[97m scene[0m: QML FontLoader at @generics/Wallpaper.qml[29:9]: Cannot load font: "file:///home/matercan.fonts/mrk_maston/MRKMaston-Bold.ttf"
[33m  WARN[97m scene[0m: QML FontLoader at @generics/Wallpaper.qml[24:9]: Cannot load font: "file:///home/matercan.fonts/mrk_maston/MRKMaston-Regular.ttf"
[34m DEBUG[97m qml[0m: LOCKED
[34m DEBUG[97m qml[0m: LOCKED
[34m DEBUG[97m qml[0m: LOCKED
[34m DEBUG[97m qml[0m: LOCKED
[34m DEBUG[97m qml[0m: LOCKED
[34m DEBUG[97m qml[0m: LOCKED
[34m DEBUG[97m qml[0m: LOCKED
[34m DEBUG[97m qml[0m: LOCKED
[34m DEBUG[97m qml[0m: LOCKED
[34m DEBUG[97m qml[0m: LOCKED
[34m DEBUG[97m qml[0m: LOCKED
[34m DEBUG[97m qml[0m: LOCKED
[34m DEBUG[97m qml[0m: LOCKED
[34m DEBUG[97m qml[0m: LOCKED
[34m DEBUG[97m qml[0m: LOCKED
[34m DEBUG[97m qml[0m: LOCKED
[34m DEBUG[97m qml[0m: LOCKED
[34m DEBUG[97m qml[0m: LOCKED
[34m DEBUG[97m qml[0m: LOCKED
[34m DEBUG[97m qml[0m: LOCKED
[34m DEBUG[97m qml[0m: LOCKED
[34m DEBUG[97m qml[0m: LOCKED
[34m DEBUG[97m qml[0m: LOCKED
[34m DEBUG[97m qml[0m: LOCKED
[34m DEBUG[97m qml[0m: LOCKED
[34m DEBUG[97m qml[0m: LOCKED
[34m DEBUG[97m qml[0m: LOCKED
[34m DEBUG[97m qml[0m: LOCKED
[34m DEBUG[97m qml[0m: LOCKED
[34m DEBUG[97m qml[0m: LOCKED
[34m DEBUG[97m qml[0m: LOCKED
[34m DEBUG[97m qml[0m: LOCKED
[34m DEBUG[97m qml[0m: LOCKED
[34m DEBUG[97m qml[0m: LOCKED
[34m DEBUG[97m qml[0m: LOCKED
[34m DEBUG[97m qml[0m: LOCKED
[34m DEBUG[97m qml[0m: LOCKED
[34m DEBUG[97m qml[0m: LOCKED
[34m DEBUG[97m qml[0m: LOCKED
[34m DEBUG[97m qml[0m: LOCKED
[34m DEBUG[97m qml[0m: LOCKED
[34m DEBUG[97m qml[0m: LOCKED
[34m DEBUG[97m qml[0m: LOCKED
